<?xml version="1.0" encoding="UTF-8"?>
<testng-results skipped="0" failed="0" total="1" passed="1">
  <reporter-output>
  </reporter-output>
  <suite name="Default suite" duration-ms="191" started-at="2018-04-17T03:54:03Z" finished-at="2018-04-17T03:54:03Z">
    <groups>
    </groups>
    <test name="Default test" duration-ms="191" started-at="2018-04-17T03:54:03Z" finished-at="2018-04-17T03:54:03Z">
      <class name="practice2apr.File_ex">
        <test-method status="PASS" signature="excel()[pri:0, instance:practice2apr.File_ex@396a51ab]" name="excel" duration-ms="57" started-at="2018-04-16T20:54:03Z" finished-at="2018-04-16T20:54:03Z">
          <reporter-output>
          </reporter-output>
        </test-method> <!-- excel -->
      </class> <!-- practice2apr.File_ex -->
    </test> <!-- Default test -->
  </suite> <!-- Default suite -->
</testng-results>
